

***********************************************************************
Fatal NI connect error 6413, connecting to:
 (DESCRIPTION=(ADDRESS_LIST=(ADDRESS=(PROTOCOL=BEQ)(PROGRAM=oracle)(ARGV0=oracleXE)(ARGS='(DESCRIPTION=(LOCAL=YES)(ADDRESS=(PROTOCOL=beq)))')))(CONNECT_DATA=(SID=XE)(CID=(PROGRAM=C:\Program Files (x86)\Microsoft Visual Studio\VB98\vb6.exe)(HOST=SURAJ-PC)(USER=suraj))))

  VERSION INFORMATION:
	TNS for 32-bit Windows: Version 10.2.0.1.0 - Production
  Time: 02-SEP-2019 03:06:37
  Tracing not turned on.


***********************************************************************
Fatal NI connect error 6413, connecting to:
 (DESCRIPTION=(ADDRESS_LIST=(ADDRESS=(PROTOCOL=BEQ)(PROGRAM=oracle)(ARGV0=oracleXE)(ARGS='(DESCRIPTION=(LOCAL=YES)(ADDRESS=(PROTOCOL=beq)))')))(CONNECT_DATA=(SID=XE)(CID=(PROGRAM=C:\Program Files (x86)\Microsoft Visual Studio\VB98\vb6.exe)(HOST=SURAJ-PC)(USER=suraj))))

  VERSION INFORMATION:
	TNS for 32-bit Windows: Version 10.2.0.1.0 - Production
  Time: 02-SEP-2019 03:06:37
  Tracing not turned on.


***********************************************************************
Fatal NI connect error 6413, connecting to:
 (DESCRIPTION=(ADDRESS_LIST=(ADDRESS=(PROTOCOL=BEQ)(PROGRAM=oracle)(ARGV0=oracleXE)(ARGS='(DESCRIPTION=(LOCAL=YES)(ADDRESS=(PROTOCOL=beq)))')))(CONNECT_DATA=(SID=XE)(CID=(PROGRAM=C:\Program Files (x86)\Microsoft Visual Studio\VB98\vb6.exe)(HOST=SURAJ-PC)(USER=suraj))))

  VERSION INFORMATION:
	TNS for 32-bit Windows: Version 10.2.0.1.0 - Production
  Time: 02-SEP-2019 03:10:30
  Tracing not turned on.


***********************************************************************
Fatal NI connect error 6413, connecting to:
 (DESCRIPTION=(ADDRESS_LIST=(ADDRESS=(PROTOCOL=BEQ)(PROGRAM=oracle)(ARGV0=oracleXE)(ARGS='(DESCRIPTION=(LOCAL=YES)(ADDRESS=(PROTOCOL=beq)))')))(CONNECT_DATA=(SID=XE)(CID=(PROGRAM=C:\Program Files (x86)\Microsoft Visual Studio\VB98\vb6.exe)(HOST=SURAJ-PC)(USER=suraj))))

  VERSION INFORMATION:
	TNS for 32-bit Windows: Version 10.2.0.1.0 - Production
  Time: 02-SEP-2019 03:10:30
  Tracing not turned on.


***********************************************************************
Fatal NI connect error 6413, connecting to:
 (DESCRIPTION=(ADDRESS_LIST=(ADDRESS=(PROTOCOL=BEQ)(PROGRAM=oracle)(ARGV0=oracleXE)(ARGS='(DESCRIPTION=(LOCAL=YES)(ADDRESS=(PROTOCOL=beq)))')))(CONNECT_DATA=(SID=XE)(CID=(PROGRAM=C:\Program Files (x86)\Microsoft Visual Studio\VB98\vb6.exe)(HOST=SURAJ-PC)(USER=suraj))))

  VERSION INFORMATION:
	TNS for 32-bit Windows: Version 10.2.0.1.0 - Production
  Time: 02-SEP-2019 03:10:51
  Tracing not turned on.


***********************************************************************
Fatal NI connect error 6413, connecting to:
 (DESCRIPTION=(ADDRESS_LIST=(ADDRESS=(PROTOCOL=BEQ)(PROGRAM=oracle)(ARGV0=oracleXE)(ARGS='(DESCRIPTION=(LOCAL=YES)(ADDRESS=(PROTOCOL=beq)))')))(CONNECT_DATA=(SID=XE)(CID=(PROGRAM=C:\Program Files (x86)\Microsoft Visual Studio\VB98\vb6.exe)(HOST=SURAJ-PC)(USER=suraj))))

  VERSION INFORMATION:
	TNS for 32-bit Windows: Version 10.2.0.1.0 - Production
  Time: 02-SEP-2019 03:10:51
  Tracing not turned on.


***********************************************************************
Fatal NI connect error 6413, connecting to:
 (DESCRIPTION=(ADDRESS_LIST=(ADDRESS=(PROTOCOL=BEQ)(PROGRAM=oracle)(ARGV0=oracleXE)(ARGS='(DESCRIPTION=(LOCAL=YES)(ADDRESS=(PROTOCOL=beq)))')))(CONNECT_DATA=(SID=XE)(CID=(PROGRAM=C:\Program Files (x86)\Microsoft Visual Studio\VB98\vb6.exe)(HOST=SURAJ-PC)(USER=suraj))))

  VERSION INFORMATION:
	TNS for 32-bit Windows: Version 10.2.0.1.0 - Production
  Time: 02-SEP-2019 03:11:46
  Tracing not turned on.


***********************************************************************
Fatal NI connect error 6413, connecting to:
 (DESCRIPTION=(ADDRESS_LIST=(ADDRESS=(PROTOCOL=BEQ)(PROGRAM=oracle)(ARGV0=oracleXE)(ARGS='(DESCRIPTION=(LOCAL=YES)(ADDRESS=(PROTOCOL=beq)))')))(CONNECT_DATA=(SID=XE)(CID=(PROGRAM=C:\Program Files (x86)\Microsoft Visual Studio\VB98\vb6.exe)(HOST=SURAJ-PC)(USER=suraj))))

  VERSION INFORMATION:
	TNS for 32-bit Windows: Version 10.2.0.1.0 - Production
  Time: 02-SEP-2019 03:11:46
  Tracing not turned on.


***********************************************************************
Fatal NI connect error 6413, connecting to:
 (DESCRIPTION=(ADDRESS_LIST=(ADDRESS=(PROTOCOL=BEQ)(PROGRAM=oracle)(ARGV0=oracleXE)(ARGS='(DESCRIPTION=(LOCAL=YES)(ADDRESS=(PROTOCOL=beq)))')))(CONNECT_DATA=(SID=XE)(CID=(PROGRAM=C:\Program Files (x86)\Microsoft Visual Studio\VB98\vb6.exe)(HOST=SURAJ-PC)(USER=suraj))))

  VERSION INFORMATION:
	TNS for 32-bit Windows: Version 10.2.0.1.0 - Production
  Time: 02-SEP-2019 03:23:13
  Tracing not turned on.


***********************************************************************
Fatal NI connect error 6413, connecting to:
 (DESCRIPTION=(ADDRESS_LIST=(ADDRESS=(PROTOCOL=BEQ)(PROGRAM=oracle)(ARGV0=oracleXE)(ARGS='(DESCRIPTION=(LOCAL=YES)(ADDRESS=(PROTOCOL=beq)))')))(CONNECT_DATA=(SID=XE)(CID=(PROGRAM=C:\Program Files (x86)\Microsoft Visual Studio\VB98\vb6.exe)(HOST=SURAJ-PC)(USER=suraj))))

  VERSION INFORMATION:
	TNS for 32-bit Windows: Version 10.2.0.1.0 - Production
  Time: 02-SEP-2019 03:23:13
  Tracing not turned on.


***********************************************************************
Fatal NI connect error 6413, connecting to:
 (DESCRIPTION=(ADDRESS_LIST=(ADDRESS=(PROTOCOL=BEQ)(PROGRAM=oracle)(ARGV0=oracleXE)(ARGS='(DESCRIPTION=(LOCAL=YES)(ADDRESS=(PROTOCOL=beq)))')))(CONNECT_DATA=(SID=XE)(CID=(PROGRAM=C:\Program Files (x86)\Microsoft Visual Studio\VB98\vb6.exe)(HOST=SURAJ-PC)(USER=suraj))))

  VERSION INFORMATION:
	TNS for 32-bit Windows: Version 10.2.0.1.0 - Production
  Time: 02-SEP-2019 03:33:34
  Tracing not turned on.


***********************************************************************
Fatal NI connect error 6413, connecting to:
 (DESCRIPTION=(ADDRESS_LIST=(ADDRESS=(PROTOCOL=BEQ)(PROGRAM=oracle)(ARGV0=oracleXE)(ARGS='(DESCRIPTION=(LOCAL=YES)(ADDRESS=(PROTOCOL=beq)))')))(CONNECT_DATA=(SID=XE)(CID=(PROGRAM=C:\Program Files (x86)\Microsoft Visual Studio\VB98\vb6.exe)(HOST=SURAJ-PC)(USER=suraj))))

  VERSION INFORMATION:
	TNS for 32-bit Windows: Version 10.2.0.1.0 - Production
  Time: 02-SEP-2019 03:33:34
  Tracing not turned on.


***********************************************************************
Fatal NI connect error 6413, connecting to:
 (DESCRIPTION=(ADDRESS_LIST=(ADDRESS=(PROTOCOL=BEQ)(PROGRAM=oracle)(ARGV0=oracleXE)(ARGS='(DESCRIPTION=(LOCAL=YES)(ADDRESS=(PROTOCOL=beq)))')))(CONNECT_DATA=(SID=XE)(CID=(PROGRAM=C:\Program Files (x86)\Microsoft Visual Studio\VB98\vb6.exe)(HOST=SURAJ-PC)(USER=suraj))))

  VERSION INFORMATION:
	TNS for 32-bit Windows: Version 10.2.0.1.0 - Production
  Time: 04-SEP-2019 10:12:56
  Tracing not turned on.


***********************************************************************
Fatal NI connect error 6413, connecting to:
 (DESCRIPTION=(ADDRESS_LIST=(ADDRESS=(PROTOCOL=BEQ)(PROGRAM=oracle)(ARGV0=oracleXE)(ARGS='(DESCRIPTION=(LOCAL=YES)(ADDRESS=(PROTOCOL=beq)))')))(CONNECT_DATA=(SID=XE)(CID=(PROGRAM=C:\Program Files (x86)\Microsoft Visual Studio\VB98\vb6.exe)(HOST=SURAJ-PC)(USER=suraj))))

  VERSION INFORMATION:
	TNS for 32-bit Windows: Version 10.2.0.1.0 - Production
  Time: 04-SEP-2019 10:12:56
  Tracing not turned on.


***********************************************************************
Fatal NI connect error 6413, connecting to:
 (DESCRIPTION=(ADDRESS_LIST=(ADDRESS=(PROTOCOL=BEQ)(PROGRAM=oracle)(ARGV0=oracleXE)(ARGS='(DESCRIPTION=(LOCAL=YES)(ADDRESS=(PROTOCOL=beq)))')))(CONNECT_DATA=(SID=XE)(CID=(PROGRAM=C:\Program Files (x86)\Microsoft Visual Studio\VB98\vb6.exe)(HOST=SURAJ-PC)(USER=suraj))))

  VERSION INFORMATION:
	TNS for 32-bit Windows: Version 10.2.0.1.0 - Production
  Time: 09-SEP-2019 11:03:04
  Tracing not turned on.


***********************************************************************
Fatal NI connect error 6413, connecting to:
 (DESCRIPTION=(ADDRESS_LIST=(ADDRESS=(PROTOCOL=BEQ)(PROGRAM=oracle)(ARGV0=oracleXE)(ARGS='(DESCRIPTION=(LOCAL=YES)(ADDRESS=(PROTOCOL=beq)))')))(CONNECT_DATA=(SID=XE)(CID=(PROGRAM=C:\Program Files (x86)\Microsoft Visual Studio\VB98\vb6.exe)(HOST=SURAJ-PC)(USER=suraj))))

  VERSION INFORMATION:
	TNS for 32-bit Windows: Version 10.2.0.1.0 - Production
  Time: 09-SEP-2019 11:03:04
  Tracing not turned on.


***********************************************************************
Fatal NI connect error 6413, connecting to:
 (DESCRIPTION=(ADDRESS_LIST=(ADDRESS=(PROTOCOL=BEQ)(PROGRAM=oracle)(ARGV0=oracleXE)(ARGS='(DESCRIPTION=(LOCAL=YES)(ADDRESS=(PROTOCOL=beq)))')))(CONNECT_DATA=(SID=XE)(CID=(PROGRAM=C:\Program Files (x86)\Microsoft Visual Studio\VB98\vb6.exe)(HOST=SURAJ-PC)(USER=suraj))))

  VERSION INFORMATION:
	TNS for 32-bit Windows: Version 10.2.0.1.0 - Production
  Time: 17-SEP-2019 02:19:56
  Tracing not turned on.


***********************************************************************
Fatal NI connect error 6413, connecting to:
 (DESCRIPTION=(ADDRESS_LIST=(ADDRESS=(PROTOCOL=BEQ)(PROGRAM=oracle)(ARGV0=oracleXE)(ARGS='(DESCRIPTION=(LOCAL=YES)(ADDRESS=(PROTOCOL=beq)))')))(CONNECT_DATA=(SID=XE)(CID=(PROGRAM=C:\Program Files (x86)\Microsoft Visual Studio\VB98\vb6.exe)(HOST=SURAJ-PC)(USER=suraj))))

  VERSION INFORMATION:
	TNS for 32-bit Windows: Version 10.2.0.1.0 - Production
  Time: 17-SEP-2019 02:20:00
  Tracing not turned on.


***********************************************************************
Fatal NI connect error 6413, connecting to:
 (DESCRIPTION=(ADDRESS_LIST=(ADDRESS=(PROTOCOL=BEQ)(PROGRAM=oracle)(ARGV0=oracleXE)(ARGS='(DESCRIPTION=(LOCAL=YES)(ADDRESS=(PROTOCOL=beq)))')))(CONNECT_DATA=(SID=XE)(CID=(PROGRAM=C:\Program Files (x86)\Microsoft Visual Studio\VB98\vb6.exe)(HOST=SURAJ-PC)(USER=suraj))))

  VERSION INFORMATION:
	TNS for 32-bit Windows: Version 10.2.0.1.0 - Production
  Time: 17-SEP-2019 02:20:00
  Tracing not turned on.


***********************************************************************
Fatal NI connect error 6413, connecting to:
 (DESCRIPTION=(ADDRESS_LIST=(ADDRESS=(PROTOCOL=BEQ)(PROGRAM=oracle)(ARGV0=oracleXE)(ARGS='(DESCRIPTION=(LOCAL=YES)(ADDRESS=(PROTOCOL=beq)))')))(CONNECT_DATA=(SID=XE)(CID=(PROGRAM=C:\Program Files (x86)\Microsoft Visual Studio\VB98\vb6.exe)(HOST=SURAJ-PC)(USER=suraj))))

  VERSION INFORMATION:
	TNS for 32-bit Windows: Version 10.2.0.1.0 - Production
  Time: 17-SEP-2019 02:20:05
  Tracing not turned on.


***********************************************************************
Fatal NI connect error 6413, connecting to:
 (DESCRIPTION=(ADDRESS_LIST=(ADDRESS=(PROTOCOL=BEQ)(PROGRAM=oracle)(ARGV0=oracleXE)(ARGS='(DESCRIPTION=(LOCAL=YES)(ADDRESS=(PROTOCOL=beq)))')))(CONNECT_DATA=(SID=XE)(CID=(PROGRAM=C:\Program Files (x86)\Microsoft Visual Studio\VB98\vb6.exe)(HOST=SURAJ-PC)(USER=suraj))))

  VERSION INFORMATION:
	TNS for 32-bit Windows: Version 10.2.0.1.0 - Production
  Time: 17-SEP-2019 02:20:13
  Tracing not turned on.


***********************************************************************
Fatal NI connect error 6413, connecting to:
 (DESCRIPTION=(ADDRESS_LIST=(ADDRESS=(PROTOCOL=BEQ)(PROGRAM=oracle)(ARGV0=oracleXE)(ARGS='(DESCRIPTION=(LOCAL=YES)(ADDRESS=(PROTOCOL=beq)))')))(CONNECT_DATA=(SID=XE)(CID=(PROGRAM=C:\Program Files (x86)\Microsoft Visual Studio\VB98\vb6.exe)(HOST=SURAJ-PC)(USER=suraj))))

  VERSION INFORMATION:
	TNS for 32-bit Windows: Version 10.2.0.1.0 - Production
  Time: 17-SEP-2019 02:20:13
  Tracing not turned on.


***********************************************************************
Fatal NI connect error 6413, connecting to:
 (DESCRIPTION=(ADDRESS_LIST=(ADDRESS=(PROTOCOL=BEQ)(PROGRAM=oracle)(ARGV0=oracleXE)(ARGS='(DESCRIPTION=(LOCAL=YES)(ADDRESS=(PROTOCOL=beq)))')))(CONNECT_DATA=(SID=XE)(CID=(PROGRAM=C:\Program Files (x86)\Microsoft Visual Studio\VB98\vb6.exe)(HOST=SURAJ-PC)(USER=suraj))))

  VERSION INFORMATION:
	TNS for 32-bit Windows: Version 10.2.0.1.0 - Production
  Time: 17-SEP-2019 02:20:55
  Tracing not turned on.


***********************************************************************
Fatal NI connect error 6413, connecting to:
 (DESCRIPTION=(ADDRESS_LIST=(ADDRESS=(PROTOCOL=BEQ)(PROGRAM=oracle)(ARGV0=oracleXE)(ARGS='(DESCRIPTION=(LOCAL=YES)(ADDRESS=(PROTOCOL=beq)))')))(CONNECT_DATA=(SID=XE)(CID=(PROGRAM=C:\Program Files (x86)\Microsoft Visual Studio\VB98\vb6.exe)(HOST=SURAJ-PC)(USER=suraj))))

  VERSION INFORMATION:
	TNS for 32-bit Windows: Version 10.2.0.1.0 - Production
  Time: 17-SEP-2019 02:20:55
  Tracing not turned on.
